[000:000] Browser XEmbed support present: 1
[000:000] Browser toolkit is Gtk2.
[000:000] Using Gtk2 toolkit
[000:006] Starting client channel.
[000:007] Warning(clientchannel.cc:435): Unreadable or no port file.  Could not initiate GoogleTalkPlugin connection
[000:007] Warning(clientchannel.cc:410): Could not initiate GoogleTalkPlugin connection
[000:007] GoogleTalkPlugin not running. Starting new process...
[000:007] Warning(optionsfile.cc:47): Load: Could not open file, err=2
[000:007] Warning(pluginutils.cc:260): Failed to get GoogleTalkPlugin path. Trying default.
[000:009] Started GoogleTalkPlugin, path=/opt/google/talkplugin/GoogleTalkPlugin
[000:009] Waiting for GoogleTalkPlugin to start...
[001:093] Attempting to connect to GoogleTalkPlugin...
[001:094] Read port file, port=59339
[001:095] Initiated connection to GoogleTalkPlugin
[001:193] Socket connection established
[001:193] ScheduleOnlineCheck: Online check in 5000ms
[001:293] Got cookie response, socket is authorized
[001:293] AUTHORIZED; socket handshake complete
[006:256] HandleOnlineCheck: Starting check
[006:257] HandleOnlineCheck: OK; current state: 3
